
[main: RoadRunner Agent Loaded.]
[main: Running in FAST Mode]
[RR: Creating Fresh Meta Data]
[RR: Creating Tool Chain]
  [RR: Creating tool loader with path [file:/home/martin/Documents/dp/roadrunner/classes/rr/simple/, file:/home/martin/Documents/dp/roadrunner/classes/tools/]]
  [RR: file:/home/martin/Documents/dp/roadrunner/classes/rr/simple/rrtools.properties]
    [RR: [C, T, FPTest, S, SFPTool, TL, P, N, LOG]]
  [RR: 0,00100 sec]
  [RR: file:/home/martin/Documents/dp/roadrunner/classes/tools/rrtools.properties]
    [RR: [BE, CT, HB, A, CVM, PROG, MA, FT_CAS, DU, NG, PL, RS, LS, FT]]
  [RR: 0,00100 sec]
  [RR: Extending States for tools/contract/ContractTool]
  [RR: 0,00100 sec]
  [RR: Transforming rr/state/ShadowThread]
  [RR: done]
  [RR: Transforming tools/contract/ContractTool]
  [RR: done]
  [RR:     complete chain: ContractTool -> Last]
  [RR:        enter chain: [ContractTool, Last]]
  [RR:         exit chain: [ContractTool, Last]]
  [RR:      acquire chain: [ContractTool, Last]]
  [RR:      release chain: [ContractTool, Last]]
  [RR:       access chain: [Last]]
  [RR: Read Fastpath code found in [Last]]
  [RR: Write Fastpath code found in [Last]]
  [RR: Array Read Fastpath code found in []]
  [RR: Array Write Fastpath code found in []]
[RR: 0,0280 sec]
[RR: OPTIONS:]
  [RR: (rr.state.agent.ThreadStateExtensionAgent) javaArgs             = cz.janousek.Main    ]
  [RR: (rr.state.agent.ThreadStateExtensionAgent) noDecInline          = false               ]
  [RR: (acme.util.Util)                   quiet                = false               ]
  [RR: (acme.util.Util)                   logs                 = log                 ]
  [RR: (acme.util.Util)                   out                  =                     ]
  [RR: (acme.util.Util)                   err                  =                     ]
  [RR: (rr.RRMain)                        noinst               = false               ]
  [RR: (rr.RRMain)                        inst                 = INST                ]
  [RR: (rr.RRMain)                        infThreads           = 0                   ]
  [RR: (rr.RRMain)                        availableProcessors  = 4                   ]
  [RR: (rr.RRMain)                        args                 = []                  ]
  [RR: (acme.util.Debug)                  d                    = []                  ]
  [RR: (acme.util.Yikes)                  maxYikes             = 5                   ]
  [RR: (rr.RRMain$5)                      help                 = false               ]
  [RR: (rr.tool.RR)                       toolpath             = /home/martin/Documents/dp/roadrunner/classes/rr/simple:/home/martin/Documents/dp/roadrunner/classes/tools]
  [RR: (rr.tool.RR)                       classpath            = ../contract_simple_violation/src]
  [RR: (rr.tool.RR)                       tool                 = CT                  ]
  [RR: (rr.tool.RR)                       tools                = false               ]
  [RR: (rr.tool.RR)                       noxml                = false               ]
  [RR: (rr.tool.RR)                       constantGC           = false               ]
  [RR: (rr.tool.RR)                       noFP                 = false               ]
  [RR: (rr.tool.RR)                       noShutdownHook       = false               ]
  [RR: (rr.tool.RR)                       noEnter              = false               ]
  [RR: (rr.tool.RR)                       xml                  = log.xml             ]
  [RR: (rr.tool.RR)                       pulse                =                     ]
  [RR: (rr.tool.RR)                       maxTime              = 0                   ]
  [RR: (rr.tool.RR)                       maxMem               = 10240               ]
  [RR: (rr.tool.RR)                       maxTid               = 16                  ]
  [RR: (rr.tool.RR)                       stacks               = false               ]
  [RR: (rr.tool.RR)                       values               = false               ]
  [RR: (rr.tool.RR)                       noTidGC              = false               ]
  [RR: (rr.tool.RR)                       noEventReuse         = false               ]
  [RR: (rr.tool.RR)                       trackMemoryUsage     = false               ]
  [RR: (rr.loader.LoaderContext)          repository           =                     ]
  [RR: (rr.meta.MetaDataInfoMaps)         meta                 = null                ]
  [RR: (rr.meta.InstrumentationFilter)    methods              = [default=ACCEPT]    ]
  [RR: (rr.meta.InstrumentationFilter)    fields               = ["-.*this\$.*", default=ACCEPT]]
  [RR: (rr.meta.InstrumentationFilter)    lines                = [default=ACCEPT]    ]
  [RR: (rr.meta.InstrumentationFilter)    classes              = ["+java.util..*", "-java..*", "-javax..*", "-com.sun..*", "-sun..*", "-rr..*", "-tools..*", "-acme..*", "-.*__\$rr_.*", "-org.xml..*", default=ACCEPT]]
  [RR: (rr.meta.InstrumentationFilter)    shadowThread         = ["-.*", default=ACCEPT]]
  [RR: (rr.meta.InstrumentationFilter)    noop                 = [default=ACCEPT]    ]
  [RR: (rr.instrument.classes.ThreadDataThunkInserter) noConstructor        = false               ]
  [RR: (rr.instrument.classes.CloneFixer) noClone              = false               ]
  [RR: (rr.instrument.Instrumentor)       dump                 =                     ]
  [RR: (rr.instrument.Instrumentor)       field                = FINE                ]
  [RR: (rr.instrument.Instrumentor)       fancy                = false               ]
  [RR: (rr.instrument.Instrumentor)       verify               = false               ]
  [RR: (rr.instrument.Instrumentor)       trackReflection      = false               ]
  [RR: (rr.instrument.Instrumentor)       arraySites           = false               ]
  [RR: (rr.instrument.Instrumentor)       Use TestAcquires     = false               ]
  [RR: (rr.loader.InstrumentingDefineClassLoader) sanity               = false               ]
  [RR: (rr.tool.RREventGenerator)         reentrantEvents      = false               ]
  [RR: (rr.tool.RREventGenerator)         nojoin               = false               ]
  [RR: (rr.tool.RREventGenerator)         multiLoader          = false               ]
  [RR: (rr.tool.RREventGenerator)         indices              = 2147483647          ]
  [RR: (rr.state.update.Updaters)         updaters             = SAFE                ]
  [RR: (rr.state.ArrayStateFactory)       array                = FINE                ]
  [RR: (rr.state.ArrayStateFactory$1)     userArray            = public rr.state.FineArrayState(java.lang.Object)]
  [RR: (rr.barrier.BarrierMonitor)        nobarrier            = false               ]
  [RR: (rr.state.AbstractArrayStateCache) noArrayLookupOpt     = false               ]
  [RR: (rr.instrument.methods.ThreadDataInstructionAdapter) callSites            = false               ]
  [RR: (rr.error.ErrorMessage)            maxWarn              = 100                 ]
  [RR: (tools.contract.ContractTool)      contractFile         = contract            ]
[RR: 0,0110 sec]
[RR: Adding Attic Listener to GC PS Scavenge]
[RR: Adding Attic Listener to GC PS MarkSweep]
[RR: Installing DefineClassListener rr.loader.InstrumentingDefineClassLoader@266474c2]
[RR: System Class Path = [file:/home/martin/Documents/dp/roadrunner/../contract_simple_violation/src/]]
[RR: Tool Init()]
[RR: Running target]
[main: ----- ----- ----- -----       Meep Meep.      ----- ----- ----- -----]
[main: ]
[main: Instrumenting cz/janousek/Main (Loader=@01:class rr.RRMain$RRMainLoader)]
  [main: Replace java/lang/Thread.start()V]
  [main: Replace java/lang/Thread.start()V]
[main: Instrumenting cz/janousek/Main$Subject (Loader=@01:class rr.RRMain$RRMainLoader)]
[main: Creating Free List With 16 Tids]
[main: New Thread main with tid=0.]
ENTER: main
ENTER: init
[main: Instrumenting cz/janousek/Main$1 (Loader=@01:class rr.RRMain$RRMainLoader)]
  [main: Replace java/lang/Thread.sleep(J)V]
[main: Instrumenting cz/janousek/Main$2 (Loader=@01:class rr.RRMain$RRMainLoader)]
  [main: Replace java/lang/Thread.sleep(J)V]
[main: New Thread Thread-0 with tid=1.]
ENTER: run
ENTER: m1
1: EXIT: m1 CV: [(0:0) (1:2)]
Finished: Instance{m1,}
ENTER: m2
1: EXIT: m2 CV: [(0:0) (1:3)]
Finished: Instance{m1,m2,}
[main: New Thread Thread-1 with tid=2.]
ENTER: run
0: EXIT: init CV: [(0:2)]
0: EXIT: main CV: [(0:3)]
[main: Tool Fini()]
[main: ]
[main: ----- ----- ----- -----      Thpthpthpth.     ----- ----- ----- -----]
  [RR: Waiting for Thread Count to reach 0.  Current Count: 2]
[Array Cleaner: ArrayStateFactory Moved Entries to Attic (0 ms).  Attic size: 0->0.]
ENTER: m1
2: EXIT: m1 CV: [(0:1) (1:0) (2:1)]
Finished: Instance{m1,}
Looking for targets.
SPOILER 1:[(0:1) (1:0) (2:2)]
TARGET 1:[(0:0) (1:3)]
SPOILER 2:[(0:1) (1:0) (2:2)]
TARGET 2:[(0:0) (1:4)]
2: EXIT: run CV: [(0:1) (1:0) (2:2)]
[RR Waiter for 2: Stopping]
1: EXIT: run CV: [(0:0) (1:5)]
[RR Waiter for 1: Stopping]
[RR: 1,33 sec]
[RR: Total Time: 327]
<entry>
  <date> Sun Mar 26 20:24:27 CEST 2017 </date> 
  <mode> FAST </mode> 
  <timeout> NO </timeout> 
  <options>
    <option><name> javaArgs </name>           <value> cz.janousek.Main  </value> </option>
    <option><name> noDecInline </name>        <value> false </value> </option>
    <option><name> quiet </name>              <value> false </value> </option>
    <option><name> logs </name>               <value> log </value> </option>
    <option><name> out </name>                <value>  </value>   </option>
    <option><name> err </name>                <value>  </value>   </option>
    <option><name> noinst </name>             <value> false </value> </option>
    <option><name> inst </name>               <value> INST </value> </option>
    <option><name> infThreads </name>         <value> 0 </value>  </option>
    <option><name> availableProcessors </name> <value> 4 </value>  </option>
    <option><name> args </name>               <value> [] </value> </option>
    <option><name> d </name>                  <value> [] </value> </option>
    <option><name> maxYikes </name>           <value> 5 </value>  </option>
    <option><name> help </name>               <value> false </value> </option>
    <option><name> toolpath </name>           <value> /home/martin/Documents/dp/roadrunner/classes/rr/simple:/home/martin/Documents/dp/roadrunner/classes/tools </value> </option>
    <option><name> classpath </name>          <value> ../contract_simple_violation/src </value> </option>
    <option><name> tool </name>               <value> CT </value> </option>
    <option><name> tools </name>              <value> false </value> </option>
    <option><name> noxml </name>              <value> false </value> </option>
    <option><name> constantGC </name>         <value> false </value> </option>
    <option><name> noFP </name>               <value> false </value> </option>
    <option><name> noShutdownHook </name>     <value> false </value> </option>
    <option><name> noEnter </name>            <value> false </value> </option>
    <option><name> xml </name>                <value> log.xml </value> </option>
    <option><name> pulse </name>              <value>  </value>   </option>
    <option><name> maxTime </name>            <value> 0 </value>  </option>
    <option><name> maxMem </name>             <value> 10240 </value> </option>
    <option><name> maxTid </name>             <value> 16 </value> </option>
    <option><name> stacks </name>             <value> false </value> </option>
    <option><name> values </name>             <value> false </value> </option>
    <option><name> noTidGC </name>            <value> false </value> </option>
    <option><name> noEventReuse </name>       <value> false </value> </option>
    <option><name> trackMemoryUsage </name>   <value> false </value> </option>
    <option><name> repository </name>         <value>  </value>   </option>
    <option><name> meta </name>               <value> null </value> </option>
    <option><name> methods </name>            <value> [default=ACCEPT] </value> </option>
    <option><name> fields </name>             <value> ["-.*this\$.*", default=ACCEPT] </value> </option>
    <option><name> lines </name>              <value> [default=ACCEPT] </value> </option>
    <option><name> classes </name>            <value> ["+java.util..*", "-java..*", "-javax..*", "-com.sun..*", "-sun..*", "-rr..*", "-tools..*", "-acme..*", "-.*__\$rr_.*", "-org.xml..*", default=ACCEPT] </value> </option>
    <option><name> shadowThread </name>       <value> ["-.*", default=ACCEPT] </value> </option>
    <option><name> noop </name>               <value> [default=ACCEPT] </value> </option>
    <option><name> noConstructor </name>      <value> false </value> </option>
    <option><name> noClone </name>            <value> false </value> </option>
    <option><name> dump </name>               <value>  </value>   </option>
    <option><name> field </name>              <value> FINE </value> </option>
    <option><name> fancy </name>              <value> false </value> </option>
    <option><name> verify </name>             <value> false </value> </option>
    <option><name> trackReflection </name>    <value> false </value> </option>
    <option><name> arraySites </name>         <value> false </value> </option>
    <option><name> Use TestAcquires </name>   <value> false </value> </option>
    <option><name> sanity </name>             <value> false </value> </option>
    <option><name> reentrantEvents </name>    <value> false </value> </option>
    <option><name> nojoin </name>             <value> false </value> </option>
    <option><name> multiLoader </name>        <value> false </value> </option>
    <option><name> indices </name>            <value> 2147483647 </value> </option>
    <option><name> updaters </name>           <value> SAFE </value> </option>
    <option><name> array </name>              <value> FINE </value> </option>
    <option><name> userArray </name>          <value> public rr.state.FineArrayState(java.lang.Object) </value> </option>
    <option><name> nobarrier </name>          <value> false </value> </option>
    <option><name> noArrayLookupOpt </name>   <value> false </value> </option>
    <option><name> callSites </name>          <value> false </value> </option>
    <option><name> maxWarn </name>            <value> 100 </value> </option>
    <option><name> contractFile </name>       <value> contract </value> </option>
    <option><name> noInterrupt </name>        <value> false </value> </option>
  </options>
  <system>
    <host> martin-Lenovo-G780 </host> 
    <name> java.vm.version </name>     <value> 25.91-b14 </value> 
    <name> java.vm.vendor </name>      <value> Oracle Corporation </value> 
    <name> java.vm.name </name>        <value> Java HotSpot(TM) 64-Bit Server VM </value> 
    <name> java.class.path </name>     <value> .:/home/martin/Documents/dp/roadrunner/build/jar/rragent.jar </value> 
    <name> os.name </name>             <value> Linux </value> 
    <name> os.arch </name>             <value> amd64 </value> 
    <name> os.version </name>          <value> 3.13.0-85-generic </value> 
    <name> user.name </name>           <value> martin </value> 
    <name> user.dir </name>            <value> /home/martin/Documents/dp/roadrunner </value> 
    <availableProcs> 4 </availableProcs> 
    <memCommitted> 119 </memCommitted> 
    <memUsed> 31 </memUsed> 
    <memTotal> 119 </memTotal> 
    <compileTime> 2193 </compileTime> 
    <gc> <name> PS Scavenge </name> <time> 10 </time> </gc>
    <gc> <name> PS MarkSweep </name> <time> 0 </time> </gc>
  </system>
  <instrumented> cz/janousek/Main cz/janousek/Main$1 cz/janousek/Main$2 cz/janousek/Main$Subject  </instrumented> 
  <instrumentedNum> 4 </instrumentedNum> 
  <skipped>  </skipped> 
  <skippedNum> 0 </skippedNum> 
  <sanityChecked>  </sanityChecked> 
  <sanityCheckedNum> 0 </sanityCheckedNum> 
  <counters>

    <counter><name> "ArrayStateFactory: Size" </name>                    <value> 0 </value> </counter>
    <counter><name> "ArrayStateFactory: Attic Move Time" </name>         <value> <total>0,00000</total> <count>1</count> <ave>0,00000</ave> </value> </counter>
    <counter><name> "ArrayStateFactory: Attic Hits" </name>              <value> 0 </value> </counter>

    <counter><name> "CV: Count" </name>                                  <value> 0 </value> </counter>
    <counter><name> "CV: Ops" </name>                                    <value> 0 </value> </counter>

    <counter><name> "Clone: Count" </name>                               <value> 0 </value> </counter>

    <counter><name> "GCRunner: Max Usage" </name>                        <value> 0 </value> </counter>

    <counter><name> "Handler: Count" </name>                             <value> 0 </value> </counter>

    <counter><name> "ShadowLock: objects" </name>                        <value> 0 </value> </counter>

    <counter><name> "ShadowThread: Count" </name>                        <value> 3 </value> </counter>
    <counter><name> "ShadowThread: Max Live" </name>                     <value> 3 </value> </counter>
    <counter><name> "ShadowThread: getCurrentThread() calls" </name>     <value> 0 </value> </counter>

    <counter><name> "ShadowVolatile: objects" </name>                    <value> 0 </value> </counter>

    <counter><name> "Time: Instrumenter" </name>                         <value> <total>26,0000</total> <count>4</count> <ave>6,50000</ave> </value> </counter>
  </counters>
  <yikes>
  </yikes>
  <tool>
    <name> ContractTool </name> 
  </tool>
  <tool>
    <name> Last </name> 
  </tool>
  <threadCount> 3 </threadCount> 
  <threadMaxActive> 3 </threadMaxActive> 
  <errorTotal> 1 </errorTotal> 
  <distinctErrorTotal> 1 </distinctErrorTotal> 
  <methods>
    <method>
      <name> cz/janousek/Main$Subject.m1()V(NullLoc) </name> 
      <error> <name> ContractTool </name> <count> 1 </count> </error>
    </method>
  </methods>
  <fields>
  </fields>
  <arrays>
  </arrays>
  <locks>
  </locks>
  <fieldAccesses>
  </fieldAccesses>
  <errorCountPerErrorType>
    <errorType> <name> ContractTool </name> <count> 1 </count> </errorType>
  </errorCountPerErrorType>
  <warningsTotal> 0 </warningsTotal> 
  <yikesTotal> 0 </yikesTotal> 
  <failed> false </failed> 
  <failedReason>  </failedReason> 
  <time> 327 </time> 
</entry>
[RR: Time = 327]
[RR: Exiting: 0]
